[11:55:12] [ServerMain/INFO]: Environment: Environment[sessionHost=https://sessionserver.mojang.com, servicesHost=https://api.minecraftservices.com, name=PROD]
[11:55:12] [ServerMain/INFO]: Found new data pack file/bukkit, loading it automatically
[11:55:13] [ServerMain/INFO]: No existing world data, creating new world
[11:55:13] [ServerMain/INFO]: Loaded 7 recipes
[11:55:14] [Server thread/INFO]: Starting minecraft server version 1.20.4
[11:55:14] [Server thread/INFO]: Loading properties
[11:55:14] [Server thread/INFO]: This server is running CraftBukkit version 4033-Spigot-c198da2-0bb0f4f (MC: 1.20.4) (Implementing API version 1.20.4-R0.1-SNAPSHOT)
[11:55:15] [Server thread/INFO]: Server Ping Player Sample Count: 12
[11:55:15] [Server thread/INFO]: Using 4 threads for Netty based IO
[11:55:15] [Server thread/INFO]: Debug logging is disabled
[11:55:15] [Server thread/INFO]: Default game type: SURVIVAL
[11:55:15] [Server thread/INFO]: Generating keypair
[11:55:15] [Server thread/INFO]: Starting Minecraft server on *:25565
[11:55:15] [Server thread/INFO]: Using epoll channel type
[11:55:15] [Server thread/INFO]: Preparing level "world"
[11:55:15] [Server thread/INFO]: -------- World Settings For [world] --------
[11:55:15] [Server thread/INFO]: Entity Activation Range: An 32 / Mo 32 / Ra 48 / Mi 16 / Tiv true / Isa false
[11:55:15] [Server thread/INFO]: Entity Tracking Range: Pl 48 / An 48 / Mo 48 / Mi 32 / Di 128 / Other 64
[11:55:15] [Server thread/INFO]: Hopper Transfer: 8 Hopper Check: 1 Hopper Amount: 1 Hopper Can Load Chunks: false
[11:55:15] [Server thread/INFO]: Cactus Growth Modifier: 100%
[11:55:15] [Server thread/INFO]: Cane Growth Modifier: 100%
[11:55:15] [Server thread/INFO]: Melon Growth Modifier: 100%
[11:55:15] [Server thread/INFO]: Mushroom Growth Modifier: 100%
[11:55:15] [Server thread/INFO]: Pumpkin Growth Modifier: 100%
[11:55:15] [Server thread/INFO]: Sapling Growth Modifier: 100%
[11:55:15] [Server thread/INFO]: Beetroot Growth Modifier: 100%
[11:55:15] [Server thread/INFO]: Carrot Growth Modifier: 100%
[11:55:15] [Server thread/INFO]: Potato Growth Modifier: 100%
[11:55:15] [Server thread/INFO]: Wheat Growth Modifier: 100%
[11:55:15] [Server thread/INFO]: NetherWart Growth Modifier: 100%
[11:55:15] [Server thread/INFO]: Vine Growth Modifier: 100%
[11:55:15] [Server thread/INFO]: Cocoa Growth Modifier: 100%
[11:55:15] [Server thread/INFO]: Bamboo Growth Modifier: 100%
[11:55:15] [Server thread/INFO]: SweetBerry Growth Modifier: 100%
[11:55:15] [Server thread/INFO]: Kelp Growth Modifier: 100%
[11:55:15] [Server thread/INFO]: TwistingVines Growth Modifier: 100%
[11:55:15] [Server thread/INFO]: WeepingVines Growth Modifier: 100%
[11:55:15] [Server thread/INFO]: CaveVines Growth Modifier: 100%
[11:55:15] [Server thread/INFO]: Experience Merge Radius: 3.0
[11:55:15] [Server thread/INFO]: Mob Spawn Range: 6
[11:55:15] [Server thread/INFO]: Custom Map Seeds:  Village: 10387312 Desert: 14357617 Igloo: 14357618 Jungle: 14357619 Swamp: 14357620 Monument: 10387313 Ocean: 14357621 Shipwreck: 165745295 End City: 10387313 Slime: 987234911 Nether: 30084232 Mansion: 10387319 Fossil: 14357921 Portal: 34222645
[11:55:15] [Server thread/INFO]: Max TNT Explosions: 100
[11:55:15] [Server thread/INFO]: Tile Max Tick Time: 50ms Entity max Tick Time: 50ms
[11:55:15] [Server thread/INFO]: View Distance: 10
[11:55:15] [Server thread/INFO]: Simulation Distance: 10
[11:55:15] [Server thread/INFO]: Item Despawn Rate: 6000
[11:55:15] [Server thread/INFO]: Item Merge Radius: 2.5
[11:55:15] [Server thread/INFO]: Allow Zombie Pigmen to spawn from portal blocks: true
[11:55:15] [Server thread/INFO]: Arrow Despawn Rate: 1200 Trident Respawn Rate:1200
[11:55:15] [Server thread/INFO]: Zombie Aggressive Towards Villager: true
[11:55:15] [Server thread/INFO]: Nerfing mobs spawned from spawners: false
[11:55:17] [Server thread/INFO]: -------- World Settings For [world_nether] --------
[11:55:17] [Server thread/INFO]: Entity Activation Range: An 32 / Mo 32 / Ra 48 / Mi 16 / Tiv true / Isa false
[11:55:17] [Server thread/INFO]: Entity Tracking Range: Pl 48 / An 48 / Mo 48 / Mi 32 / Di 128 / Other 64
[11:55:17] [Server thread/INFO]: Hopper Transfer: 8 Hopper Check: 1 Hopper Amount: 1 Hopper Can Load Chunks: false
[11:55:17] [Server thread/INFO]: Cactus Growth Modifier: 100%
[11:55:17] [Server thread/INFO]: Cane Growth Modifier: 100%
[11:55:17] [Server thread/INFO]: Melon Growth Modifier: 100%
[11:55:17] [Server thread/INFO]: Mushroom Growth Modifier: 100%
[11:55:17] [Server thread/INFO]: Pumpkin Growth Modifier: 100%
[11:55:17] [Server thread/INFO]: Sapling Growth Modifier: 100%
[11:55:17] [Server thread/INFO]: Beetroot Growth Modifier: 100%
[11:55:17] [Server thread/INFO]: Carrot Growth Modifier: 100%
[11:55:17] [Server thread/INFO]: Potato Growth Modifier: 100%
[11:55:17] [Server thread/INFO]: Wheat Growth Modifier: 100%
[11:55:17] [Server thread/INFO]: NetherWart Growth Modifier: 100%
[11:55:17] [Server thread/INFO]: Vine Growth Modifier: 100%
[11:55:17] [Server thread/INFO]: Cocoa Growth Modifier: 100%
[11:55:17] [Server thread/INFO]: Bamboo Growth Modifier: 100%
[11:55:17] [Server thread/INFO]: SweetBerry Growth Modifier: 100%
[11:55:17] [Server thread/INFO]: Kelp Growth Modifier: 100%
[11:55:17] [Server thread/INFO]: TwistingVines Growth Modifier: 100%
[11:55:17] [Server thread/INFO]: WeepingVines Growth Modifier: 100%
[11:55:17] [Server thread/INFO]: CaveVines Growth Modifier: 100%
[11:55:17] [Server thread/INFO]: Experience Merge Radius: 3.0
[11:55:17] [Server thread/INFO]: Mob Spawn Range: 6
[11:55:17] [Server thread/INFO]: Custom Map Seeds:  Village: 10387312 Desert: 14357617 Igloo: 14357618 Jungle: 14357619 Swamp: 14357620 Monument: 10387313 Ocean: 14357621 Shipwreck: 165745295 End City: 10387313 Slime: 987234911 Nether: 30084232 Mansion: 10387319 Fossil: 14357921 Portal: 34222645
[11:55:17] [Server thread/INFO]: Max TNT Explosions: 100
[11:55:17] [Server thread/INFO]: Tile Max Tick Time: 50ms Entity max Tick Time: 50ms
[11:55:17] [Server thread/INFO]: View Distance: 10
[11:55:17] [Server thread/INFO]: Simulation Distance: 10
[11:55:17] [Server thread/INFO]: Item Despawn Rate: 6000
[11:55:17] [Server thread/INFO]: Item Merge Radius: 2.5
[11:55:17] [Server thread/INFO]: Allow Zombie Pigmen to spawn from portal blocks: true
[11:55:17] [Server thread/INFO]: Arrow Despawn Rate: 1200 Trident Respawn Rate:1200
[11:55:17] [Server thread/INFO]: Zombie Aggressive Towards Villager: true
[11:55:17] [Server thread/INFO]: Nerfing mobs spawned from spawners: false
[11:55:18] [Server thread/INFO]: -------- World Settings For [world_the_end] --------
[11:55:18] [Server thread/INFO]: Entity Activation Range: An 32 / Mo 32 / Ra 48 / Mi 16 / Tiv true / Isa false
[11:55:18] [Server thread/INFO]: Entity Tracking Range: Pl 48 / An 48 / Mo 48 / Mi 32 / Di 128 / Other 64
[11:55:18] [Server thread/INFO]: Hopper Transfer: 8 Hopper Check: 1 Hopper Amount: 1 Hopper Can Load Chunks: false
[11:55:18] [Server thread/INFO]: Cactus Growth Modifier: 100%
[11:55:18] [Server thread/INFO]: Cane Growth Modifier: 100%
[11:55:18] [Server thread/INFO]: Melon Growth Modifier: 100%
[11:55:18] [Server thread/INFO]: Mushroom Growth Modifier: 100%
[11:55:18] [Server thread/INFO]: Pumpkin Growth Modifier: 100%
[11:55:18] [Server thread/INFO]: Sapling Growth Modifier: 100%
[11:55:18] [Server thread/INFO]: Beetroot Growth Modifier: 100%
[11:55:18] [Server thread/INFO]: Carrot Growth Modifier: 100%
[11:55:18] [Server thread/INFO]: Potato Growth Modifier: 100%
[11:55:18] [Server thread/INFO]: Wheat Growth Modifier: 100%
[11:55:18] [Server thread/INFO]: NetherWart Growth Modifier: 100%
[11:55:18] [Server thread/INFO]: Vine Growth Modifier: 100%
[11:55:18] [Server thread/INFO]: Cocoa Growth Modifier: 100%
[11:55:18] [Server thread/INFO]: Bamboo Growth Modifier: 100%
[11:55:18] [Server thread/INFO]: SweetBerry Growth Modifier: 100%
[11:55:18] [Server thread/INFO]: Kelp Growth Modifier: 100%
[11:55:18] [Server thread/INFO]: TwistingVines Growth Modifier: 100%
[11:55:18] [Server thread/INFO]: WeepingVines Growth Modifier: 100%
[11:55:18] [Server thread/INFO]: CaveVines Growth Modifier: 100%
[11:55:18] [Server thread/INFO]: Experience Merge Radius: 3.0
[11:55:18] [Server thread/INFO]: Mob Spawn Range: 6
[11:55:18] [Server thread/INFO]: Custom Map Seeds:  Village: 10387312 Desert: 14357617 Igloo: 14357618 Jungle: 14357619 Swamp: 14357620 Monument: 10387313 Ocean: 14357621 Shipwreck: 165745295 End City: 10387313 Slime: 987234911 Nether: 30084232 Mansion: 10387319 Fossil: 14357921 Portal: 34222645
[11:55:18] [Server thread/INFO]: Max TNT Explosions: 100
[11:55:18] [Server thread/INFO]: Tile Max Tick Time: 50ms Entity max Tick Time: 50ms
[11:55:18] [Server thread/INFO]: View Distance: 10
[11:55:18] [Server thread/INFO]: Simulation Distance: 10
[11:55:18] [Server thread/INFO]: Item Despawn Rate: 6000
[11:55:18] [Server thread/INFO]: Item Merge Radius: 2.5
[11:55:18] [Server thread/INFO]: Allow Zombie Pigmen to spawn from portal blocks: true
[11:55:18] [Server thread/INFO]: Arrow Despawn Rate: 1200 Trident Respawn Rate:1200
[11:55:18] [Server thread/INFO]: Zombie Aggressive Towards Villager: true
[11:55:18] [Server thread/INFO]: Nerfing mobs spawned from spawners: false
[11:55:18] [Server thread/INFO]: Preparing start region for dimension minecraft:overworld
[11:55:19] [Worker-Main-8/INFO]: Preparing spawn area: 0%
[11:55:19] [Worker-Main-8/INFO]: Preparing spawn area: 0%
[11:55:19] [Worker-Main-2/INFO]: Preparing spawn area: 0%
[11:55:20] [Worker-Main-2/INFO]: Preparing spawn area: 3%
[11:55:20] [Worker-Main-9/INFO]: Preparing spawn area: 6%
[11:55:21] [Worker-Main-11/INFO]: Preparing spawn area: 9%
[11:55:21] [Worker-Main-10/INFO]: Preparing spawn area: 15%
[11:55:22] [Worker-Main-5/INFO]: Preparing spawn area: 20%
[11:55:22] [Worker-Main-1/INFO]: Preparing spawn area: 25%
[11:55:23] [Worker-Main-8/INFO]: Preparing spawn area: 31%
[11:55:23] [Worker-Main-4/INFO]: Preparing spawn area: 37%
[11:55:24] [Worker-Main-1/INFO]: Preparing spawn area: 43%
[11:55:24] [Worker-Main-1/INFO]: Preparing spawn area: 51%
[11:55:25] [Worker-Main-4/INFO]: Preparing spawn area: 56%
[11:55:25] [Worker-Main-1/INFO]: Preparing spawn area: 62%
[11:55:26] [Worker-Main-7/INFO]: Preparing spawn area: 66%
[11:55:26] [Worker-Main-10/INFO]: Preparing spawn area: 66%
[11:55:27] [Worker-Main-7/INFO]: Preparing spawn area: 72%
[11:55:27] [Worker-Main-11/INFO]: Preparing spawn area: 78%
[11:55:28] [Worker-Main-7/INFO]: Preparing spawn area: 85%
[11:55:28] [Worker-Main-2/INFO]: Preparing spawn area: 91%
[11:55:29] [Server thread/INFO]: Time elapsed: 10473 ms
[11:55:29] [Server thread/INFO]: Preparing start region for dimension minecraft:the_nether
[11:55:29] [Worker-Main-5/INFO]: Preparing spawn area: 0%
[11:55:29] [Worker-Main-9/INFO]: Preparing spawn area: 0%
[11:55:30] [Worker-Main-5/INFO]: Preparing spawn area: 1%
[11:55:30] [Worker-Main-9/INFO]: Preparing spawn area: 4%
[11:55:31] [Worker-Main-4/INFO]: Preparing spawn area: 8%
[11:55:31] [Worker-Main-3/INFO]: Preparing spawn area: 11%
[11:55:32] [Worker-Main-2/INFO]: Preparing spawn area: 16%
[11:55:32] [Worker-Main-6/INFO]: Preparing spawn area: 22%
[11:55:33] [Worker-Main-7/INFO]: Preparing spawn area: 28%
[11:55:33] [Worker-Main-3/INFO]: Preparing spawn area: 34%
[11:55:34] [Worker-Main-7/INFO]: Preparing spawn area: 41%
[11:55:34] [Worker-Main-10/INFO]: Preparing spawn area: 47%
[11:55:35] [Worker-Main-7/INFO]: Preparing spawn area: 55%
[11:55:35] [Worker-Main-10/INFO]: Preparing spawn area: 62%
[11:55:36] [Worker-Main-2/INFO]: Preparing spawn area: 70%
[11:55:36] [Worker-Main-10/INFO]: Preparing spawn area: 78%
[11:55:37] [Worker-Main-10/INFO]: Preparing spawn area: 86%
[11:55:37] [Worker-Main-10/INFO]: Preparing spawn area: 92%
[11:55:38] [Server thread/INFO]: Time elapsed: 8793 ms
[11:55:38] [Server thread/INFO]: Preparing start region for dimension minecraft:the_end
[11:55:38] [Worker-Main-9/INFO]: Preparing spawn area: 0%
[11:55:38] [Worker-Main-10/INFO]: Preparing spawn area: 1%
[11:55:39] [Worker-Main-9/INFO]: Preparing spawn area: 41%
[11:55:39] [Server thread/INFO]: Time elapsed: 1399 ms
[11:55:39] [Server thread/INFO]: Done (24.213s)! For help, type "help"
[11:55:41] [Server thread/INFO]: Stopping server
[11:55:41] [Server thread/INFO]: Saving players
[11:55:41] [Server thread/INFO]: Saving worlds
[11:55:43] [Server thread/INFO]: Saving chunks for level 'ServerLevel[world]'/minecraft:overworld
